<?xml version="1.0" encoding="UTF-8"?>
<testsuite name="APIAutomationRestAssured"
           tests="9"
           failures="0"
           errors="0"
           skipped="0"
           time="0.019">
    <properties></properties>



            <testcase
                name="testLogin"
                time="0.002"
                classname="com.APITesting.DDT.DDT01">
            </testcase>
            <testcase
                name="testLogin"
                time="0.002"
                classname="com.APITesting.DDT.DDT01">
            </testcase>
            <testcase
                name="testLogin"
                time="0.000"
                classname="com.APITesting.DDT.DDT01">
            </testcase>
            <testcase
                name="testLogin"
                time="0.003"
                classname="com.APITesting.DDT.DDT01">
            </testcase>
            <testcase
                name="testLogin"
                time="0.008"
                classname="com.APITesting.DDT.DDT01">
            </testcase>
            <testcase
                name="testLogin"
                time="0.001"
                classname="com.APITesting.DDT.DDT01">
            </testcase>
            <testcase
                name="testLogin"
                time="0.000"
                classname="com.APITesting.DDT.DDT01">
            </testcase>
            <testcase
                name="testLogin"
                time="0.001"
                classname="com.APITesting.DDT.DDT01">
            </testcase>
            <testcase
                name="testLogin"
                time="0.002"
                classname="com.APITesting.DDT.DDT01">
            </testcase>
</testsuite>
